<?xml version="1.0" encoding="UTF-8"?>
<!-- Generated by org.testng.reporters.JUnitReportReporter -->
<testsuite hostname="senldogo5358" name="ACDCWebPortal.processManuscriptUsingWebortal" tests="1" failures="0" timestamp="29 Jul 2019 06:31:40 GMT" time="250.212" errors="0">
  <testcase name="processManuscriptFile" time="250.212" classname="ACDCWebPortal.processManuscriptUsingWebortal"/>
</testsuite> <!-- ACDCWebPortal.processManuscriptUsingWebortal -->
